<?xml version="1.0" encoding="UTF-8"?>
<!-- Generated by org.testng.reporters.JUnitReportReporter -->
<testsuite hostname="DESKTOP-SF549KE" failures="0" tests="3" name="TestLayer.EndToEndTelecomFlow" time="51.445" errors="0" timestamp="2023-07-02T01:58:56 IST" skipped="0">
  <testcase classname="TestLayer.EndToEndTelecomFlow" name="addCustomer" time="27.835"/>
  <system-out/>
  <testcase classname="TestLayer.EndToEndTelecomFlow" name="addTariffPlan" time="16.982"/>
  <system-out/>
  <testcase classname="TestLayer.EndToEndTelecomFlow" name="addCutomerTariffPlan" time="6.628"/>
  <system-out/>
</testsuite> <!-- TestLayer.EndToEndTelecomFlow -->
